2025-01-02 13:59:53,195 - INFO - Logging initialized.
2025-01-02 13:59:53,195 - INFO - File found: /Users/andreiiacob/StaffClock/ProgramData/staff_hours.db
2025-01-02 13:59:53,195 - INFO - Restored /Users/andreiiacob/StaffClock/ProgramData/settings.json from backup /Users/andreiiacob/StaffClock/Backups/backup_20250102_134530.zip
2025-01-02 13:59:53,257 - INFO - UI setup complete.
2025-01-02 13:59:53,364 - INFO - Settings loaded: {'start_day': 21, 'end_day': 20, 'printer_IP': '10.60.1.146'}
2025-01-02 13:59:53,364 - INFO - Initializing TimesheetCheckerThread...
2025-01-02 14:00:19,743 - INFO - Opening admin tab
2025-01-02 14:02:28,555 - INFO - Start date for timesheet 21-11-2024, end date for timesheet 21-12-2024
2025-01-02 14:02:28,556 - INFO - Fetched records for time sheet
2025-01-02 14:02:28,563 - INFO - Built Timesheet for Alice Johnson
2025-01-02 14:02:28,567 - INFO - Built Timesheet for Bella Swan
2025-01-02 14:02:28,571 - INFO - Built Timesheet for Charlie Brown
2025-01-02 14:02:28,574 - INFO - Built Timesheet for Ethan Hunt
2025-01-02 14:02:28,577 - INFO - Built Timesheet for Fiona Gallagher
2025-01-02 14:02:28,580 - INFO - Built Timesheet for George Weasley
2025-01-02 14:02:28,583 - INFO - Built Timesheet for Steve Rogers
2025-01-02 14:02:28,586 - INFO - Built Timesheet for Bob Smith
2025-01-02 14:02:28,588 - INFO - Built Timesheet for Mia Wallace
2025-01-02 14:02:28,591 - INFO - Built Timesheet for William Turner
2025-01-02 14:02:28,593 - INFO - Built Timesheet for Xander Harris
2025-01-02 14:02:28,596 - INFO - Built Timesheet for Diana Prince
2025-01-02 14:02:28,598 - INFO - Built Timesheet for Isaac Newton
2025-01-02 14:02:28,600 - INFO - Built Timesheet for Jack Sparrow
2025-01-02 14:02:28,602 - INFO - Built Timesheet for Nathan Drake
2025-01-02 14:02:28,604 - INFO - Built Timesheet for Ursula Buffay
2025-01-02 14:02:28,607 - INFO - Built Timesheet for Victoria Beckham
2025-01-02 14:02:28,609 - INFO - Built Timesheet for Yvonne Strahovski
2025-01-02 14:02:28,611 - INFO - Built Timesheet for Derek Shepherd
2025-01-02 14:02:28,613 - INFO - Built Timesheet for Liam Hemsworth
2025-01-02 14:02:28,615 - INFO - Built Timesheet for Aaron Paul
2025-01-02 14:02:28,617 - INFO - Built Timesheet for Olivia Pope
2025-01-02 14:02:28,619 - INFO - Built Timesheet for Zara Larsson
2025-01-02 14:02:28,621 - INFO - Built Timesheet for Caleb Rivers
2025-01-02 14:02:28,623 - INFO - Built Timesheet for Quinn Fabray
2025-01-02 14:02:28,625 - INFO - Built Timesheet for Hannah Abbott
2025-01-02 14:02:28,626 - INFO - Built Timesheet for Karen Walker
2025-01-02 14:02:28,628 - INFO - Built Timesheet for Paul Atreides
2025-01-02 14:02:28,630 - INFO - Built Timesheet for Rachel Green
2025-01-02 14:02:28,632 - INFO - Built Timesheet for Tony Stark
2025-01-02 14:02:28,632 - INFO - Timesheets generated for the period 21-11-2024 to 21-12-2024
2025-01-02 14:02:32,620 - INFO - Start date for timesheet 21-11-2024, end date for timesheet 21-12-2024
2025-01-02 14:02:32,622 - INFO - Fetched records for time sheet
2025-01-02 14:02:32,629 - INFO - Built Timesheet for Alice Johnson
2025-01-02 14:02:32,633 - INFO - Built Timesheet for Bella Swan
2025-01-02 14:02:32,637 - INFO - Built Timesheet for Charlie Brown
2025-01-02 14:02:32,641 - INFO - Built Timesheet for Ethan Hunt
2025-01-02 14:02:32,644 - INFO - Built Timesheet for Fiona Gallagher
2025-01-02 14:02:32,647 - INFO - Built Timesheet for George Weasley
2025-01-02 14:02:32,650 - INFO - Built Timesheet for Steve Rogers
2025-01-02 14:02:32,652 - INFO - Built Timesheet for Bob Smith
2025-01-02 14:02:32,655 - INFO - Built Timesheet for Mia Wallace
2025-01-02 14:02:32,658 - INFO - Built Timesheet for William Turner
2025-01-02 14:02:32,660 - INFO - Built Timesheet for Xander Harris
2025-01-02 14:02:32,662 - INFO - Built Timesheet for Diana Prince
2025-01-02 14:02:32,665 - INFO - Built Timesheet for Isaac Newton
2025-01-02 14:02:32,667 - INFO - Built Timesheet for Jack Sparrow
2025-01-02 14:02:32,669 - INFO - Built Timesheet for Nathan Drake
2025-01-02 14:02:32,671 - INFO - Built Timesheet for Ursula Buffay
2025-01-02 14:02:32,674 - INFO - Built Timesheet for Victoria Beckham
2025-01-02 14:02:32,676 - INFO - Built Timesheet for Yvonne Strahovski
2025-01-02 14:02:32,678 - INFO - Built Timesheet for Derek Shepherd
2025-01-02 14:02:32,680 - INFO - Built Timesheet for Liam Hemsworth
2025-01-02 14:02:32,682 - INFO - Built Timesheet for Aaron Paul
2025-01-02 14:02:32,684 - INFO - Built Timesheet for Olivia Pope
2025-01-02 14:02:32,686 - INFO - Built Timesheet for Zara Larsson
2025-01-02 14:02:32,688 - INFO - Built Timesheet for Caleb Rivers
2025-01-02 14:02:32,690 - INFO - Built Timesheet for Quinn Fabray
2025-01-02 14:02:32,692 - INFO - Built Timesheet for Hannah Abbott
2025-01-02 14:02:32,694 - INFO - Built Timesheet for Karen Walker
2025-01-02 14:02:32,696 - INFO - Built Timesheet for Paul Atreides
2025-01-02 14:02:32,698 - INFO - Built Timesheet for Rachel Green
2025-01-02 14:02:32,700 - INFO - Built Timesheet for Tony Stark
2025-01-02 14:02:32,700 - INFO - Timesheets generated for the period 21-11-2024 to 21-12-2024
2025-01-02 14:02:43,777 - ERROR - No staff name entered.
2025-01-02 14:06:11,602 - INFO - Staff member mike oxmall added with code 1904
2025-01-02 14:06:22,533 - DEBUG - Starting open_records_tab function
2025-01-02 14:06:22,542 - INFO - PDF created successfully at '/Users/andreiiacob/StaffClock/TempData/Andrei Iacob.pdf'.
2025-01-02 14:06:22,638 - INFO - Opened PDF at '/Users/andreiiacob/StaffClock/TempData/Andrei Iacob.pdf' using the default viewer.
2025-01-02 14:06:32,643 - INFO - Temporary PDF file '/Users/andreiiacob/StaffClock/TempData/Andrei Iacob.pdf' deleted after delay.
2025-01-02 14:06:42,221 - INFO - Printer IP entered: 10.60.1.146
2025-01-02 14:07:33,355 - INFO - Switched to windowed mode.
2025-01-02 14:07:34,772 - INFO - Switched to fullscreen mode.
2025-01-02 14:07:50,228 - INFO - Logging initialized.
2025-01-02 14:07:50,228 - INFO - File found: /Users/andreiiacob/StaffClock/ProgramData/staff_hours.db
2025-01-02 14:07:50,228 - INFO - File found: /Users/andreiiacob/StaffClock/ProgramData/settings.json
2025-01-02 14:07:50,296 - INFO - UI setup complete.
2025-01-02 14:07:50,404 - INFO - Settings loaded: {'start_day': 21, 'end_day': 20, 'printer_IP': '10.60.1.146'}
2025-01-02 14:07:50,404 - INFO - Initializing TimesheetCheckerThread...
2025-01-02 14:07:52,729 - INFO - Opening admin tab
2025-01-02 14:07:55,338 - ERROR - No staff name entered.
2025-01-02 14:08:05,341 - INFO - Added comment to staff Cristina Iacob: mrs manager
2025-01-02 14:08:07,287 - DEBUG - Starting open_records_tab function
2025-01-02 14:08:13,269 - INFO - Added comment to record ID 29: yayyyy
2025-01-02 14:08:30,225 - INFO - Clock-in successful for staff code 1984 at 14:08
2025-01-02 14:08:34,496 - INFO - Break started for staff code 1984 at 2025-01-02 14:08:33.035289
2025-01-02 14:08:39,595 - INFO - Break ended for staff code 1984. Duration: 0.07 minutes.
2025-01-02 14:08:43,470 - INFO - Clock-out successful for staff code 1984 at 14:08
2025-01-02 14:09:29,686 - INFO - Logging initialized.
2025-01-02 14:09:29,686 - INFO - File found: /Users/andreiiacob/StaffClock/ProgramData/staff_hours.db
2025-01-02 14:09:29,686 - INFO - File found: /Users/andreiiacob/StaffClock/ProgramData/settings.json
2025-01-02 14:09:29,747 - INFO - UI setup complete.
2025-01-02 14:09:29,857 - INFO - Settings loaded: {'start_day': 21, 'end_day': 20, 'printer_IP': '10.60.1.146'}
2025-01-02 14:09:29,857 - INFO - Initializing TimesheetCheckerThread...
2025-01-02 14:09:34,426 - INFO - Opening admin tab
2025-01-02 14:09:54,578 - INFO - Logging initialized.
2025-01-02 14:09:54,578 - INFO - File found: /Users/andreiiacob/StaffClock/ProgramData/staff_hours.db
2025-01-02 14:09:54,579 - INFO - File found: /Users/andreiiacob/StaffClock/ProgramData/settings.json
2025-01-02 14:09:54,640 - INFO - UI setup complete.
2025-01-02 14:09:54,748 - INFO - Settings loaded: {'start_day': 21, 'end_day': 20, 'printer_IP': '10.60.1.146'}
2025-01-02 14:09:54,748 - INFO - Initializing TimesheetCheckerThread...
2025-01-02 14:09:56,117 - INFO - Opening admin tab
2025-01-02 14:10:02,833 - INFO - Archived and removed staff member: mike oxmall
2025-01-02 14:36:01,091 - INFO - Opening admin tab
2025-01-02 14:36:54,197 - INFO - Logging initialized.
2025-01-02 14:36:54,197 - INFO - File found: /Users/andreiiacob/StaffClock/ProgramData/staff_hours.db
2025-01-02 14:36:54,197 - INFO - File found: /Users/andreiiacob/StaffClock/ProgramData/settings.json
2025-01-02 14:36:54,259 - INFO - UI setup complete.
2025-01-02 14:36:54,368 - INFO - Settings loaded: {'start_day': 21, 'end_day': 20, 'printer_IP': '10.60.1.146'}
2025-01-02 14:36:54,368 - INFO - Initializing TimesheetCheckerThread...
2025-01-02 14:36:56,761 - INFO - Opening admin tab
2025-01-02 14:37:48,869 - INFO - Opening admin tab
2025-01-02 14:42:19,524 - INFO - Logging initialized.
2025-01-02 14:42:19,525 - INFO - File found: /Users/andreiiacob/StaffClock/ProgramData/staff_hours.db
2025-01-02 14:42:19,525 - INFO - File found: /Users/andreiiacob/StaffClock/ProgramData/settings.json
2025-01-02 14:42:19,599 - INFO - UI setup complete.
2025-01-02 14:42:19,705 - INFO - Settings loaded: {'start_day': 21, 'end_day': 20, 'printer_IP': '10.60.1.146'}
2025-01-02 14:42:19,705 - INFO - Initializing TimesheetCheckerThread...
2025-01-02 14:42:20,679 - INFO - Opening admin tab
2025-01-02 14:42:21,950 - INFO - Switched to windowed mode.
2025-01-02 14:42:22,876 - INFO - Switched to fullscreen mode.
2025-01-02 14:42:23,579 - INFO - Switched to windowed mode.
2025-01-02 14:42:23,718 - INFO - Switched to fullscreen mode.
2025-01-02 14:42:23,858 - INFO - Switched to windowed mode.
2025-01-02 14:42:23,981 - INFO - Switched to fullscreen mode.
2025-01-02 14:42:24,357 - INFO - Switched to windowed mode.
2025-01-02 14:42:25,898 - INFO - Switched to fullscreen mode.
2025-01-02 14:42:26,066 - INFO - Switched to windowed mode.
2025-01-02 14:42:26,188 - INFO - Switched to fullscreen mode.
2025-01-02 14:42:26,361 - INFO - Switched to windowed mode.
2025-01-02 14:42:26,502 - INFO - Switched to fullscreen mode.
2025-01-02 14:42:26,649 - INFO - Switched to windowed mode.
2025-01-02 14:42:26,783 - INFO - Switched to fullscreen mode.
2025-01-02 14:42:26,936 - INFO - Switched to windowed mode.
2025-01-02 14:42:27,064 - INFO - Switched to fullscreen mode.
2025-01-02 14:42:27,232 - INFO - Switched to windowed mode.
2025-01-02 14:42:27,521 - INFO - Switched to fullscreen mode.
2025-01-02 14:42:27,674 - INFO - Switched to windowed mode.
2025-01-02 14:42:28,289 - INFO - Switched to fullscreen mode.
2025-01-02 14:42:29,006 - INFO - Switched to windowed mode.
2025-01-02 14:42:29,523 - INFO - Switched to fullscreen mode.
2025-01-02 14:42:36,450 - INFO - Opening admin tab
2025-01-02 14:49:10,346 - INFO - Logging initialized.
2025-01-02 14:49:10,346 - INFO - File found: /Users/andreiiacob/StaffClock/ProgramData/staff_hours.db
2025-01-02 14:49:10,346 - INFO - File found: /Users/andreiiacob/StaffClock/ProgramData/settings.json
2025-01-02 14:49:10,408 - INFO - UI setup complete.
2025-01-02 14:49:10,519 - INFO - Settings loaded: {'start_day': 21, 'end_day': 20, 'printer_IP': '10.60.1.146'}
2025-01-02 14:49:10,519 - INFO - Initializing TimesheetCheckerThread...
2025-01-02 14:49:11,799 - INFO - Opening admin tab
2025-01-02 14:49:13,397 - INFO - Switched to windowed mode.
2025-01-02 14:49:15,412 - INFO - Switched to fullscreen mode.
2025-01-02 14:49:16,910 - INFO - Switched to windowed mode.
2025-01-02 14:49:18,184 - INFO - Switched to fullscreen mode.
2025-01-02 14:49:19,366 - INFO - Switched to windowed mode.
2025-01-02 14:49:20,455 - INFO - Switched to fullscreen mode.
2025-01-02 14:49:21,438 - INFO - Switched to windowed mode.
2025-01-02 14:50:45,235 - INFO - Logging initialized.
2025-01-02 14:50:45,235 - INFO - File found: /Users/andreiiacob/StaffClock/ProgramData/staff_hours.db
2025-01-02 14:50:45,235 - INFO - File found: /Users/andreiiacob/StaffClock/ProgramData/settings.json
2025-01-02 14:50:45,303 - INFO - UI setup complete.
2025-01-02 14:50:45,413 - INFO - Settings loaded: {'start_day': 21, 'end_day': 20, 'printer_IP': '10.60.1.146'}
2025-01-02 14:50:45,413 - INFO - Initializing TimesheetCheckerThread...
2025-01-02 14:50:47,605 - INFO - Opening admin tab
2025-01-02 14:50:49,462 - INFO - Switched to windowed mode.
2025-01-02 14:58:12,184 - INFO - Logging initialized.
2025-01-02 14:58:12,184 - INFO - File found: /Users/andreiiacob/StaffClock/ProgramData/staff_hours.db
2025-01-02 14:58:12,184 - INFO - File found: /Users/andreiiacob/StaffClock/ProgramData/settings.json
2025-01-02 14:58:12,259 - INFO - UI setup complete.
2025-01-02 14:58:12,372 - INFO - Settings loaded: {'start_day': 21, 'end_day': 20, 'printer_IP': '10.60.1.146'}
2025-01-02 14:58:12,372 - INFO - Initializing TimesheetCheckerThread...
2025-01-02 14:58:14,571 - INFO - Opening admin tab
2025-01-02 14:58:19,960 - INFO - Archived and removed staff member: Alice Johnson
2025-01-02 14:58:36,019 - INFO - Staff member pet added with code 5628
2025-01-02 14:58:41,093 - INFO - Archived and removed staff member: pet
2025-01-02 15:00:23,701 - INFO - Logging initialized.
2025-01-02 15:00:23,701 - INFO - File found: /Users/andreiiacob/StaffClock/ProgramData/staff_hours.db
2025-01-02 15:00:23,701 - INFO - File found: /Users/andreiiacob/StaffClock/ProgramData/settings.json
2025-01-02 15:00:23,772 - INFO - UI setup complete.
2025-01-02 15:00:23,881 - INFO - Settings loaded: {'start_day': 21, 'end_day': 20, 'printer_IP': '10.60.1.146'}
2025-01-02 15:00:23,881 - INFO - Initializing TimesheetCheckerThread...
2025-01-02 15:00:25,537 - INFO - Opening admin tab
2025-01-02 15:00:30,600 - INFO - Staff member mike added with code 6028
2025-01-02 15:00:42,426 - INFO - Archived and removed staff member: mike
2025-01-02 15:01:01,618 - ERROR - Staff member 'pet' not found.
2025-01-02 15:03:01,152 - INFO - Logging initialized.
2025-01-02 15:03:01,152 - INFO - File found: /Users/andreiiacob/StaffClock/ProgramData/staff_hours.db
2025-01-02 15:03:01,152 - INFO - File found: /Users/andreiiacob/StaffClock/ProgramData/settings.json
2025-01-02 15:03:01,221 - INFO - UI setup complete.
2025-01-02 15:03:01,328 - INFO - Settings loaded: {'start_day': 21, 'end_day': 20, 'printer_IP': '10.60.1.146'}
2025-01-02 15:03:01,328 - INFO - Initializing TimesheetCheckerThread...
2025-01-02 15:03:02,735 - INFO - Opening admin tab
2025-01-02 15:03:07,829 - INFO - Logging initialized.
2025-01-02 15:03:07,829 - INFO - File found: /Users/andreiiacob/StaffClock/ProgramData/staff_hours.db
2025-01-02 15:03:07,829 - INFO - File found: /Users/andreiiacob/StaffClock/ProgramData/settings.json
2025-01-02 15:03:07,908 - INFO - UI setup complete.
2025-01-02 15:03:08,032 - INFO - Settings loaded: {'start_day': 21, 'end_day': 20, 'printer_IP': '10.60.1.146'}
2025-01-02 15:03:08,032 - INFO - Initializing TimesheetCheckerThread...
2025-01-02 15:03:09,359 - INFO - Opening admin tab
2025-01-02 15:03:57,973 - INFO - Logging initialized.
2025-01-02 15:03:57,973 - INFO - File found: /Users/andreiiacob/StaffClock/ProgramData/staff_hours.db
2025-01-02 15:03:57,973 - INFO - File found: /Users/andreiiacob/StaffClock/ProgramData/settings.json
2025-01-02 15:03:58,036 - INFO - UI setup complete.
2025-01-02 15:03:58,146 - INFO - Settings loaded: {'start_day': 21, 'end_day': 20, 'printer_IP': '10.60.1.146'}
2025-01-02 15:03:58,146 - INFO - Initializing TimesheetCheckerThread...
2025-01-02 15:03:59,226 - INFO - Opening admin tab
2025-01-02 15:04:03,342 - ERROR - failed to print
2025-01-02 15:04:03,342 - INFO - Prepared to print Andrei Iacob
2025-01-02 15:04:27,478 - ERROR - failed to print
2025-01-02 15:04:27,479 - INFO - Prepared to print Andrei Iacob
2025-01-02 15:04:27,811 - ERROR - failed to print
2025-01-02 15:04:27,811 - INFO - Prepared to print Andrei Iacob
2025-01-02 15:04:27,949 - ERROR - failed to print
2025-01-02 15:04:27,950 - INFO - Prepared to print Andrei Iacob
2025-01-02 15:06:11,537 - INFO - Logging initialized.
2025-01-02 15:06:11,537 - INFO - File found: /Users/andreiiacob/StaffClock/ProgramData/staff_hours.db
2025-01-02 15:06:11,537 - INFO - File found: /Users/andreiiacob/StaffClock/ProgramData/settings.json
2025-01-02 15:06:11,603 - INFO - UI setup complete.
2025-01-02 15:06:11,713 - INFO - Settings loaded: {'start_day': 21, 'end_day': 20, 'printer_IP': '10.60.1.146'}
2025-01-02 15:06:11,713 - INFO - Initializing TimesheetCheckerThread...
2025-01-02 15:06:12,646 - INFO - Opening admin tab
2025-01-02 15:06:17,272 - ERROR - Error generating PDF: 'StaffClockInOutSystem' object has no attribute 'fetch_clock_records_for_staff'
2025-01-02 15:06:28,799 - ERROR - Error generating PDF: 'StaffClockInOutSystem' object has no attribute 'fetch_clock_records_for_staff'
2025-01-02 15:06:37,345 - INFO - Logging initialized.
2025-01-02 15:06:37,346 - INFO - File found: /Users/andreiiacob/StaffClock/ProgramData/staff_hours.db
2025-01-02 15:06:37,346 - INFO - File found: /Users/andreiiacob/StaffClock/ProgramData/settings.json
2025-01-02 15:06:37,405 - INFO - UI setup complete.
2025-01-02 15:06:37,517 - INFO - Settings loaded: {'start_day': 21, 'end_day': 20, 'printer_IP': '10.60.1.146'}
2025-01-02 15:06:37,517 - INFO - Initializing TimesheetCheckerThread...
2025-01-02 15:06:42,242 - INFO - Opening admin tab
2025-01-02 15:06:47,568 - ERROR - failed to print
2025-01-02 15:06:47,568 - INFO - Prepared to print Cristina Iacob
2025-01-02 15:08:13,864 - INFO - Logging initialized.
2025-01-02 15:08:13,864 - INFO - File found: /Users/andreiiacob/StaffClock/ProgramData/staff_hours.db
2025-01-02 15:08:13,864 - INFO - File found: /Users/andreiiacob/StaffClock/ProgramData/settings.json
2025-01-02 15:08:13,927 - INFO - UI setup complete.
2025-01-02 15:08:14,039 - INFO - Settings loaded: {'start_day': 21, 'end_day': 20, 'printer_IP': '10.60.1.146'}
2025-01-02 15:08:14,040 - INFO - Initializing TimesheetCheckerThread...
2025-01-02 15:08:15,860 - INFO - Opening admin tab
2025-01-02 15:08:22,204 - INFO - PDF sent to printer successfully
2025-01-02 15:08:22,205 - INFO - Prepared to print Aaron Paul
2025-01-02 15:08:23,183 - INFO - PDF sent to printer successfully
2025-01-02 15:08:23,183 - INFO - Prepared to print Aaron Paul
2025-01-02 15:08:23,265 - INFO - PDF sent to printer successfully
2025-01-02 15:08:23,266 - INFO - Prepared to print Aaron Paul
2025-01-02 15:16:59,396 - INFO - Logging initialized.
2025-01-02 15:16:59,396 - INFO - File found: /Users/andreiiacob/StaffClock/ProgramData/staff_hours.db
2025-01-02 15:16:59,396 - INFO - File found: /Users/andreiiacob/StaffClock/ProgramData/settings.json
2025-01-02 15:16:59,472 - INFO - UI setup complete.
2025-01-02 15:16:59,590 - INFO - Settings loaded: {'start_day': 21, 'end_day': 20, 'printer_IP': '10.60.1.146'}
2025-01-02 15:16:59,590 - INFO - Initializing TimesheetCheckerThread...
2025-01-02 15:17:02,473 - INFO - Opening admin tab
2025-01-02 15:17:12,045 - ERROR - failed to print
2025-01-02 15:17:12,045 - INFO - Prepared to print Andrei Iacob
2025-01-02 15:18:57,754 - INFO - Logging initialized.
2025-01-02 15:18:57,754 - INFO - File found: /Users/andreiiacob/StaffClock/ProgramData/staff_hours.db
2025-01-02 15:18:57,754 - INFO - File found: /Users/andreiiacob/StaffClock/ProgramData/settings.json
2025-01-02 15:18:57,816 - INFO - UI setup complete.
2025-01-02 15:18:57,923 - INFO - Settings loaded: {'start_day': 21, 'end_day': 20, 'printer_IP': '10.60.1.146'}
2025-01-02 15:18:57,923 - INFO - Initializing TimesheetCheckerThread...
2025-01-02 15:18:59,015 - INFO - Opening admin tab
2025-01-02 15:19:03,041 - INFO - PDF created successfully at '/Users/andreiiacob/StaffClock/TempData/Andrei Iacob_temp.pdf'.
2025-01-02 15:19:03,134 - INFO - PDF sent to printer successfully
2025-01-02 15:19:13,141 - INFO - Temporary PDF file '/Users/andreiiacob/StaffClock/TempData/Andrei Iacob_temp.pdf' deleted after delay.
2025-01-02 15:26:57,998 - INFO - Logging initialized.
2025-01-02 15:26:57,999 - INFO - File found: /Users/andreiiacob/StaffClock/ProgramData/staff_hours.db
2025-01-02 15:26:57,999 - INFO - File found: /Users/andreiiacob/StaffClock/ProgramData/settings.json
2025-01-02 15:26:58,058 - INFO - UI setup complete.
2025-01-02 15:26:58,166 - INFO - Settings loaded: {'start_day': 21, 'end_day': 20, 'printer_IP': '10.60.1.146'}
2025-01-02 15:26:58,166 - INFO - Initializing TimesheetCheckerThread...
2025-01-02 15:27:16,429 - INFO - Logging initialized.
2025-01-02 15:27:16,429 - INFO - File found: /Users/andreiiacob/StaffClock/ProgramData/staff_hours.db
2025-01-02 15:27:16,429 - INFO - File found: /Users/andreiiacob/StaffClock/ProgramData/settings.json
2025-01-02 15:27:16,491 - INFO - UI setup complete.
2025-01-02 15:27:16,595 - INFO - Settings loaded: {'start_day': 21, 'end_day': 20, 'printer_IP': '10.60.1.146'}
2025-01-02 15:27:16,595 - INFO - Initializing TimesheetCheckerThread...
2025-01-02 15:27:19,734 - INFO - Opening admin tab
2025-01-02 15:28:00,723 - INFO - Logging initialized.
2025-01-02 15:28:00,723 - INFO - File found: /Users/andreiiacob/StaffClock/ProgramData/staff_hours.db
2025-01-02 15:28:00,723 - INFO - File found: /Users/andreiiacob/StaffClock/ProgramData/settings.json
2025-01-02 15:28:00,785 - INFO - UI setup complete.
2025-01-02 15:28:00,898 - INFO - Settings loaded: {'start_day': 21, 'end_day': 20, 'printer_IP': '10.60.1.146'}
2025-01-02 15:28:00,898 - INFO - Initializing TimesheetCheckerThread...
2025-01-02 15:28:03,394 - INFO - Opening admin tab
2025-01-02 15:28:06,502 - INFO - Start date for timesheet 21-11-2024, end date for timesheet 21-12-2024
2025-01-02 15:28:09,107 - INFO - No records found for Andrei Iacob between 2024-11-21 15:28:06.501972 and 2024-12-21 15:28:06.501972.
2025-01-02 15:28:23,356 - INFO - Start date for timesheet 21-11-2024, end date for timesheet 21-12-2024
2025-01-02 15:28:24,787 - INFO - No records found for Andrei Iacob between 2024-11-21 15:28:23.356348 and 2024-12-21 15:28:23.356348.
2025-01-02 15:28:26,309 - DEBUG - Starting open_records_tab function
2025-01-02 15:28:26,321 - INFO - PDF created successfully at '/Users/andreiiacob/StaffClock/TempData/Andrei Iacob.pdf'.
2025-01-02 15:28:26,411 - INFO - Opened PDF at '/Users/andreiiacob/StaffClock/TempData/Andrei Iacob.pdf' using the default viewer.
2025-01-02 15:30:05,001 - INFO - Logging initialized.
2025-01-02 15:30:05,001 - INFO - File found: /Users/andreiiacob/StaffClock/ProgramData/staff_hours.db
2025-01-02 15:30:05,001 - INFO - File found: /Users/andreiiacob/StaffClock/ProgramData/settings.json
2025-01-02 15:30:05,062 - INFO - UI setup complete.
2025-01-02 15:30:05,170 - INFO - Settings loaded: {'start_day': 1, 'end_day': 20, 'printer_IP': '10.60.1.146'}
2025-01-02 15:30:05,170 - INFO - Initializing TimesheetCheckerThread...
2025-01-02 15:30:05,213 - INFO - Timesheet generated for 2025-01-02
2025-01-02 15:30:05,213 - INFO - Start date for timesheet 21-11-2024, end date for timesheet 21-12-2024
2025-01-02 15:30:05,213 - INFO - Fetched records for time sheet
2025-01-02 15:30:05,216 - INFO - Built Timesheet for Bella Swan
2025-01-02 15:30:05,219 - INFO - Built Timesheet for Charlie Brown
2025-01-02 15:30:05,221 - INFO - Built Timesheet for Ethan Hunt
2025-01-02 15:30:05,223 - INFO - Built Timesheet for Fiona Gallagher
2025-01-02 15:30:05,225 - INFO - Built Timesheet for George Weasley
2025-01-02 15:30:05,227 - INFO - Built Timesheet for Steve Rogers
2025-01-02 15:30:05,229 - INFO - Built Timesheet for Bob Smith
2025-01-02 15:30:05,231 - INFO - Built Timesheet for Mia Wallace
2025-01-02 15:30:05,233 - INFO - Built Timesheet for William Turner
2025-01-02 15:30:05,235 - INFO - Built Timesheet for Xander Harris
2025-01-02 15:30:05,237 - INFO - Built Timesheet for Diana Prince
2025-01-02 15:30:05,239 - INFO - Built Timesheet for Isaac Newton
2025-01-02 15:30:05,240 - INFO - Built Timesheet for Jack Sparrow
2025-01-02 15:30:05,242 - INFO - Built Timesheet for Nathan Drake
2025-01-02 15:30:05,244 - INFO - Built Timesheet for Ursula Buffay
2025-01-02 15:30:05,246 - INFO - Built Timesheet for Victoria Beckham
2025-01-02 15:30:05,248 - INFO - Built Timesheet for Yvonne Strahovski
2025-01-02 15:30:05,250 - INFO - Built Timesheet for Derek Shepherd
2025-01-02 15:30:05,251 - INFO - Built Timesheet for Liam Hemsworth
2025-01-02 15:30:05,253 - INFO - Built Timesheet for Aaron Paul
2025-01-02 15:30:05,255 - INFO - Built Timesheet for Olivia Pope
2025-01-02 15:30:05,257 - INFO - Built Timesheet for Zara Larsson
2025-01-02 15:30:05,259 - INFO - Built Timesheet for Caleb Rivers
2025-01-02 15:30:05,260 - INFO - Built Timesheet for Quinn Fabray
2025-01-02 15:30:05,262 - INFO - Built Timesheet for Hannah Abbott
2025-01-02 15:30:05,264 - INFO - Built Timesheet for Karen Walker
2025-01-02 15:30:05,266 - INFO - Built Timesheet for Paul Atreides
2025-01-02 15:30:05,267 - INFO - Built Timesheet for Rachel Green
2025-01-02 15:30:05,269 - INFO - Built Timesheet for Tony Stark
2025-01-02 15:30:05,269 - INFO - Timesheets generated for the period 21-11-2024 to 21-12-2024
2025-01-02 15:30:07,314 - INFO - Opening admin tab
2025-01-02 15:32:29,129 - INFO - Logging initialized.
2025-01-02 15:32:29,129 - INFO - File found: /Users/andreiiacob/StaffClock/ProgramData/staff_hours.db
2025-01-02 15:32:29,129 - INFO - File found: /Users/andreiiacob/StaffClock/ProgramData/settings.json
2025-01-02 15:32:29,197 - INFO - UI setup complete.
2025-01-02 15:32:29,304 - INFO - Settings loaded: {'start_day': 1, 'end_day': 20, 'printer_IP': '10.60.1.146'}
2025-01-02 15:32:29,304 - INFO - Initializing TimesheetCheckerThread...
2025-01-02 15:32:29,341 - INFO - Timesheet generated for 2025-01-02
2025-01-02 15:32:29,341 - INFO - Start date for timesheet 21-11-2024, end date for timesheet 21-12-2024
2025-01-02 15:32:29,342 - INFO - Fetched records for time sheet
2025-01-02 15:32:29,344 - INFO - Built Timesheet for Bella Swan
2025-01-02 15:32:29,346 - INFO - Built Timesheet for Charlie Brown
2025-01-02 15:32:29,348 - INFO - Built Timesheet for Ethan Hunt
2025-01-02 15:32:29,350 - INFO - Built Timesheet for Fiona Gallagher
2025-01-02 15:32:29,353 - INFO - Built Timesheet for George Weasley
2025-01-02 15:32:29,355 - INFO - Built Timesheet for Steve Rogers
2025-01-02 15:32:29,357 - INFO - Built Timesheet for Bob Smith
2025-01-02 15:32:29,359 - INFO - Built Timesheet for Mia Wallace
2025-01-02 15:32:29,361 - INFO - Built Timesheet for William Turner
2025-01-02 15:32:29,363 - INFO - Built Timesheet for Xander Harris
2025-01-02 15:32:29,364 - INFO - Built Timesheet for Diana Prince
2025-01-02 15:32:29,366 - INFO - Built Timesheet for Isaac Newton
2025-01-02 15:32:29,368 - INFO - Built Timesheet for Jack Sparrow
2025-01-02 15:32:29,370 - INFO - Built Timesheet for Nathan Drake
2025-01-02 15:32:29,372 - INFO - Built Timesheet for Ursula Buffay
2025-01-02 15:32:29,373 - INFO - Built Timesheet for Victoria Beckham
2025-01-02 15:32:29,375 - INFO - Built Timesheet for Yvonne Strahovski
2025-01-02 15:32:29,377 - INFO - Built Timesheet for Derek Shepherd
2025-01-02 15:32:29,379 - INFO - Built Timesheet for Liam Hemsworth
2025-01-02 15:32:29,381 - INFO - Built Timesheet for Aaron Paul
2025-01-02 15:32:29,382 - INFO - Built Timesheet for Olivia Pope
2025-01-02 15:32:29,384 - INFO - Built Timesheet for Zara Larsson
2025-01-02 15:32:29,386 - INFO - Built Timesheet for Caleb Rivers
2025-01-02 15:32:29,388 - INFO - Built Timesheet for Quinn Fabray
2025-01-02 15:32:29,389 - INFO - Built Timesheet for Hannah Abbott
2025-01-02 15:32:29,391 - INFO - Built Timesheet for Karen Walker
2025-01-02 15:32:29,393 - INFO - Built Timesheet for Paul Atreides
2025-01-02 15:32:29,394 - INFO - Built Timesheet for Rachel Green
2025-01-02 15:32:29,396 - INFO - Built Timesheet for Tony Stark
2025-01-02 15:32:29,396 - INFO - Timesheets generated for the period 21-11-2024 to 21-12-2024
2025-01-02 15:32:30,538 - INFO - Opening admin tab
2025-01-02 15:32:48,313 - INFO - Logging initialized.
2025-01-02 15:32:48,313 - INFO - File found: /Users/andreiiacob/StaffClock/ProgramData/staff_hours.db
2025-01-02 15:32:48,313 - INFO - File found: /Users/andreiiacob/StaffClock/ProgramData/settings.json
2025-01-02 15:32:48,378 - INFO - UI setup complete.
2025-01-02 15:32:48,488 - INFO - Settings loaded: {'start_day': 1, 'end_day': 20, 'printer_IP': '10.60.1.146'}
2025-01-02 15:32:48,488 - INFO - Initializing TimesheetCheckerThread...
2025-01-02 15:32:48,528 - INFO - Timesheet generated for 2025-01-02
2025-01-02 15:32:48,528 - INFO - Start date for timesheet 21-11-2024, end date for timesheet 21-12-2024
2025-01-02 15:32:48,528 - INFO - Fetched records for time sheet
2025-01-02 15:32:48,531 - INFO - Built Timesheet for Bella Swan
2025-01-02 15:32:48,533 - INFO - Built Timesheet for Charlie Brown
2025-01-02 15:32:48,535 - INFO - Built Timesheet for Ethan Hunt
2025-01-02 15:32:48,537 - INFO - Built Timesheet for Fiona Gallagher
2025-01-02 15:32:48,539 - INFO - Built Timesheet for George Weasley
2025-01-02 15:32:48,541 - INFO - Built Timesheet for Steve Rogers
2025-01-02 15:32:48,543 - INFO - Built Timesheet for Bob Smith
2025-01-02 15:32:48,545 - INFO - Built Timesheet for Mia Wallace
2025-01-02 15:32:48,547 - INFO - Built Timesheet for William Turner
2025-01-02 15:32:48,549 - INFO - Built Timesheet for Xander Harris
2025-01-02 15:32:48,550 - INFO - Built Timesheet for Diana Prince
2025-01-02 15:32:48,552 - INFO - Built Timesheet for Isaac Newton
2025-01-02 15:32:48,554 - INFO - Built Timesheet for Jack Sparrow
2025-01-02 15:32:48,556 - INFO - Built Timesheet for Nathan Drake
2025-01-02 15:32:48,558 - INFO - Built Timesheet for Ursula Buffay
2025-01-02 15:32:48,559 - INFO - Built Timesheet for Victoria Beckham
2025-01-02 15:32:48,561 - INFO - Built Timesheet for Yvonne Strahovski
2025-01-02 15:32:48,563 - INFO - Built Timesheet for Derek Shepherd
2025-01-02 15:32:48,565 - INFO - Built Timesheet for Liam Hemsworth
2025-01-02 15:32:48,566 - INFO - Built Timesheet for Aaron Paul
2025-01-02 15:32:48,568 - INFO - Built Timesheet for Olivia Pope
2025-01-02 15:32:48,570 - INFO - Built Timesheet for Zara Larsson
2025-01-02 15:32:48,572 - INFO - Built Timesheet for Caleb Rivers
2025-01-02 15:32:48,573 - INFO - Built Timesheet for Quinn Fabray
2025-01-02 15:32:48,575 - INFO - Built Timesheet for Hannah Abbott
2025-01-02 15:32:48,577 - INFO - Built Timesheet for Karen Walker
2025-01-02 15:32:48,579 - INFO - Built Timesheet for Paul Atreides
2025-01-02 15:32:48,580 - INFO - Built Timesheet for Rachel Green
2025-01-02 15:32:48,582 - INFO - Built Timesheet for Tony Stark
2025-01-02 15:32:48,582 - INFO - Timesheets generated for the period 21-11-2024 to 21-12-2024
2025-01-02 15:32:49,625 - INFO - Opening admin tab
2025-01-02 15:34:24,870 - INFO - Logging initialized.
2025-01-02 15:34:24,870 - INFO - File found: /Users/andreiiacob/StaffClock/ProgramData/staff_hours.db
2025-01-02 15:34:24,870 - INFO - File found: /Users/andreiiacob/StaffClock/ProgramData/settings.json
2025-01-02 15:34:24,935 - INFO - UI setup complete.
2025-01-02 15:34:25,051 - INFO - Settings loaded: {'start_day': 1, 'end_day': 20, 'printer_IP': '10.60.1.146'}
2025-01-02 15:34:25,051 - INFO - Initializing TimesheetCheckerThread...
2025-01-02 15:34:25,091 - INFO - Timesheet generated for 2025-01-02
2025-01-02 15:34:25,092 - INFO - Start date for timesheet 21-11-2024, end date for timesheet 21-12-2024
2025-01-02 15:34:25,092 - INFO - Fetched records for time sheet
2025-01-02 15:34:25,095 - INFO - Built Timesheet for Bella Swan
2025-01-02 15:34:25,096 - INFO - Built Timesheet for Charlie Brown
2025-01-02 15:34:25,098 - INFO - Built Timesheet for Ethan Hunt
2025-01-02 15:34:25,100 - INFO - Built Timesheet for Fiona Gallagher
2025-01-02 15:34:25,102 - INFO - Built Timesheet for George Weasley
2025-01-02 15:34:25,104 - INFO - Built Timesheet for Steve Rogers
2025-01-02 15:34:25,106 - INFO - Built Timesheet for Bob Smith
2025-01-02 15:34:25,108 - INFO - Built Timesheet for Mia Wallace
2025-01-02 15:34:25,110 - INFO - Built Timesheet for William Turner
2025-01-02 15:34:25,112 - INFO - Built Timesheet for Xander Harris
2025-01-02 15:34:25,113 - INFO - Built Timesheet for Diana Prince
2025-01-02 15:34:25,115 - INFO - Built Timesheet for Isaac Newton
2025-01-02 15:34:25,117 - INFO - Built Timesheet for Jack Sparrow
2025-01-02 15:34:25,119 - INFO - Built Timesheet for Nathan Drake
2025-01-02 15:34:25,121 - INFO - Built Timesheet for Ursula Buffay
2025-01-02 15:34:25,122 - INFO - Built Timesheet for Victoria Beckham
2025-01-02 15:34:25,124 - INFO - Built Timesheet for Yvonne Strahovski
2025-01-02 15:34:25,126 - INFO - Built Timesheet for Derek Shepherd
2025-01-02 15:34:25,128 - INFO - Built Timesheet for Liam Hemsworth
2025-01-02 15:34:25,129 - INFO - Built Timesheet for Aaron Paul
2025-01-02 15:34:25,131 - INFO - Built Timesheet for Olivia Pope
2025-01-02 15:34:25,133 - INFO - Built Timesheet for Zara Larsson
2025-01-02 15:34:25,135 - INFO - Built Timesheet for Caleb Rivers
2025-01-02 15:34:25,136 - INFO - Built Timesheet for Quinn Fabray
2025-01-02 15:34:25,138 - INFO - Built Timesheet for Hannah Abbott
2025-01-02 15:34:25,140 - INFO - Built Timesheet for Karen Walker
2025-01-02 15:34:25,142 - INFO - Built Timesheet for Paul Atreides
2025-01-02 15:34:25,143 - INFO - Built Timesheet for Rachel Green
2025-01-02 15:34:25,145 - INFO - Built Timesheet for Tony Stark
2025-01-02 15:34:25,145 - INFO - Timesheets generated for the period 21-11-2024 to 21-12-2024
2025-01-02 15:34:26,471 - INFO - Opening admin tab
2025-01-02 15:36:17,969 - INFO - Logging initialized.
2025-01-02 15:36:17,969 - INFO - File found: /Users/andreiiacob/StaffClock/ProgramData/staff_hours.db
2025-01-02 15:36:17,969 - INFO - File found: /Users/andreiiacob/StaffClock/ProgramData/settings.json
2025-01-02 15:36:18,032 - INFO - UI setup complete.
2025-01-02 15:36:18,143 - INFO - Settings loaded: {'start_day': 1, 'end_day': 20, 'printer_IP': '10.60.1.146'}
2025-01-02 15:36:18,143 - INFO - Initializing TimesheetCheckerThread...
2025-01-02 15:36:18,180 - INFO - Timesheet generated for 2025-01-02
2025-01-02 15:36:18,180 - INFO - Start date for timesheet 21-11-2024, end date for timesheet 21-12-2024
2025-01-02 15:36:18,180 - INFO - Fetched records for time sheet
2025-01-02 15:36:18,183 - INFO - Built Timesheet for Bella Swan
2025-01-02 15:36:18,185 - INFO - Built Timesheet for Charlie Brown
2025-01-02 15:36:18,188 - INFO - Built Timesheet for Ethan Hunt
2025-01-02 15:36:18,190 - INFO - Built Timesheet for Fiona Gallagher
2025-01-02 15:36:18,192 - INFO - Built Timesheet for George Weasley
2025-01-02 15:36:18,194 - INFO - Built Timesheet for Steve Rogers
2025-01-02 15:36:18,196 - INFO - Built Timesheet for Bob Smith
2025-01-02 15:36:18,198 - INFO - Built Timesheet for Mia Wallace
2025-01-02 15:36:18,200 - INFO - Built Timesheet for William Turner
2025-01-02 15:36:18,202 - INFO - Built Timesheet for Xander Harris
2025-01-02 15:36:18,203 - INFO - Built Timesheet for Diana Prince
2025-01-02 15:36:18,205 - INFO - Built Timesheet for Isaac Newton
2025-01-02 15:36:18,207 - INFO - Built Timesheet for Jack Sparrow
2025-01-02 15:36:18,209 - INFO - Built Timesheet for Nathan Drake
2025-01-02 15:36:18,211 - INFO - Built Timesheet for Ursula Buffay
2025-01-02 15:36:18,212 - INFO - Built Timesheet for Victoria Beckham
2025-01-02 15:36:18,214 - INFO - Built Timesheet for Yvonne Strahovski
2025-01-02 15:36:18,216 - INFO - Built Timesheet for Derek Shepherd
2025-01-02 15:36:18,218 - INFO - Built Timesheet for Liam Hemsworth
2025-01-02 15:36:18,220 - INFO - Built Timesheet for Aaron Paul
2025-01-02 15:36:18,221 - INFO - Built Timesheet for Olivia Pope
2025-01-02 15:36:18,223 - INFO - Built Timesheet for Zara Larsson
2025-01-02 15:36:18,225 - INFO - Built Timesheet for Caleb Rivers
2025-01-02 15:36:18,226 - INFO - Built Timesheet for Quinn Fabray
2025-01-02 15:36:18,228 - INFO - Built Timesheet for Hannah Abbott
2025-01-02 15:36:18,230 - INFO - Built Timesheet for Karen Walker
2025-01-02 15:36:18,231 - INFO - Built Timesheet for Paul Atreides
2025-01-02 15:36:18,233 - INFO - Built Timesheet for Rachel Green
2025-01-02 15:36:18,235 - INFO - Built Timesheet for Tony Stark
2025-01-02 15:36:18,235 - INFO - Timesheets generated for the period 21-11-2024 to 21-12-2024
2025-01-02 15:36:19,251 - INFO - Opening admin tab
2025-01-02 15:38:25,821 - INFO - Logging initialized.
2025-01-02 15:38:25,821 - INFO - File found: /Users/andreiiacob/StaffClock/ProgramData/staff_hours.db
2025-01-02 15:38:25,821 - INFO - File found: /Users/andreiiacob/StaffClock/ProgramData/settings.json
2025-01-02 15:38:25,885 - INFO - UI setup complete.
2025-01-02 15:38:25,999 - INFO - Settings loaded: {'start_day': 1, 'end_day': 20, 'printer_IP': '10.60.1.146'}
2025-01-02 15:38:25,999 - INFO - Initializing TimesheetCheckerThread...
2025-01-02 15:38:26,041 - INFO - Timesheet generated for 2025-01-02
2025-01-02 15:38:26,042 - INFO - Start date for timesheet 21-11-2024, end date for timesheet 21-12-2024
2025-01-02 15:38:26,042 - INFO - Fetched records for time sheet
2025-01-02 15:38:26,045 - INFO - Built Timesheet for Bella Swan
2025-01-02 15:38:26,047 - INFO - Built Timesheet for Charlie Brown
2025-01-02 15:38:26,049 - INFO - Built Timesheet for Ethan Hunt
2025-01-02 15:38:26,051 - INFO - Built Timesheet for Fiona Gallagher
2025-01-02 15:38:26,052 - INFO - Built Timesheet for George Weasley
2025-01-02 15:38:26,054 - INFO - Built Timesheet for Steve Rogers
2025-01-02 15:38:26,056 - INFO - Built Timesheet for Bob Smith
2025-01-02 15:38:26,058 - INFO - Built Timesheet for Mia Wallace
2025-01-02 15:38:26,060 - INFO - Built Timesheet for William Turner
2025-01-02 15:38:26,061 - INFO - Built Timesheet for Xander Harris
2025-01-02 15:38:26,063 - INFO - Built Timesheet for Diana Prince
2025-01-02 15:38:26,065 - INFO - Built Timesheet for Isaac Newton
2025-01-02 15:38:26,067 - INFO - Built Timesheet for Jack Sparrow
2025-01-02 15:38:26,069 - INFO - Built Timesheet for Nathan Drake
2025-01-02 15:38:26,071 - INFO - Built Timesheet for Ursula Buffay
2025-01-02 15:38:26,072 - INFO - Built Timesheet for Victoria Beckham
2025-01-02 15:38:26,074 - INFO - Built Timesheet for Yvonne Strahovski
2025-01-02 15:38:26,076 - INFO - Built Timesheet for Derek Shepherd
2025-01-02 15:38:26,078 - INFO - Built Timesheet for Liam Hemsworth
2025-01-02 15:38:26,079 - INFO - Built Timesheet for Aaron Paul
2025-01-02 15:38:26,081 - INFO - Built Timesheet for Olivia Pope
2025-01-02 15:38:26,083 - INFO - Built Timesheet for Zara Larsson
2025-01-02 15:38:26,085 - INFO - Built Timesheet for Caleb Rivers
2025-01-02 15:38:26,086 - INFO - Built Timesheet for Quinn Fabray
2025-01-02 15:38:26,088 - INFO - Built Timesheet for Hannah Abbott
2025-01-02 15:38:26,090 - INFO - Built Timesheet for Karen Walker
2025-01-02 15:38:26,091 - INFO - Built Timesheet for Paul Atreides
2025-01-02 15:38:26,093 - INFO - Built Timesheet for Rachel Green
2025-01-02 15:38:26,095 - INFO - Built Timesheet for Tony Stark
2025-01-02 15:38:26,095 - INFO - Timesheets generated for the period 21-11-2024 to 21-12-2024
2025-01-02 15:38:28,391 - INFO - Opening admin tab
2025-01-02 15:38:32,551 - INFO - Start date for timesheet 21-11-2024, end date for timesheet 21-12-2024
2025-01-02 15:38:36,197 - INFO - No records found for Andrei Iacob between 2024-11-21 15:38:32.550964 and 2024-12-21 15:38:32.550964.
2025-01-02 15:39:00,300 - INFO - Logging initialized.
2025-01-02 15:39:00,300 - INFO - File found: /Users/andreiiacob/StaffClock/ProgramData/staff_hours.db
2025-01-02 15:39:00,300 - INFO - File found: /Users/andreiiacob/StaffClock/ProgramData/settings.json
2025-01-02 15:39:00,365 - INFO - UI setup complete.
2025-01-02 15:39:00,472 - INFO - Settings loaded: {'start_day': 1, 'end_day': 20, 'printer_IP': '10.60.1.146'}
2025-01-02 15:39:00,472 - INFO - Initializing TimesheetCheckerThread...
2025-01-02 15:39:00,513 - INFO - Timesheet generated for 2025-01-02
2025-01-02 15:39:00,513 - INFO - Start date for timesheet 21-11-2024, end date for timesheet 21-12-2024
2025-01-02 15:39:00,513 - INFO - Fetched records for time sheet
2025-01-02 15:39:00,516 - INFO - Built Timesheet for Bella Swan
2025-01-02 15:39:00,518 - INFO - Built Timesheet for Charlie Brown
2025-01-02 15:39:00,520 - INFO - Built Timesheet for Ethan Hunt
2025-01-02 15:39:00,522 - INFO - Built Timesheet for Fiona Gallagher
2025-01-02 15:39:00,524 - INFO - Built Timesheet for George Weasley
2025-01-02 15:39:00,525 - INFO - Built Timesheet for Steve Rogers
2025-01-02 15:39:00,527 - INFO - Built Timesheet for Bob Smith
2025-01-02 15:39:00,529 - INFO - Built Timesheet for Mia Wallace
2025-01-02 15:39:00,531 - INFO - Built Timesheet for William Turner
2025-01-02 15:39:00,533 - INFO - Built Timesheet for Xander Harris
2025-01-02 15:39:00,535 - INFO - Built Timesheet for Diana Prince
2025-01-02 15:39:00,537 - INFO - Built Timesheet for Isaac Newton
2025-01-02 15:39:00,538 - INFO - Built Timesheet for Jack Sparrow
2025-01-02 15:39:00,540 - INFO - Built Timesheet for Nathan Drake
2025-01-02 15:39:00,542 - INFO - Built Timesheet for Ursula Buffay
2025-01-02 15:39:00,544 - INFO - Built Timesheet for Victoria Beckham
2025-01-02 15:39:00,546 - INFO - Built Timesheet for Yvonne Strahovski
2025-01-02 15:39:00,548 - INFO - Built Timesheet for Derek Shepherd
2025-01-02 15:39:00,549 - INFO - Built Timesheet for Liam Hemsworth
2025-01-02 15:39:00,551 - INFO - Built Timesheet for Aaron Paul
2025-01-02 15:39:00,553 - INFO - Built Timesheet for Olivia Pope
2025-01-02 15:39:00,555 - INFO - Built Timesheet for Zara Larsson
2025-01-02 15:39:00,557 - INFO - Built Timesheet for Caleb Rivers
2025-01-02 15:39:00,558 - INFO - Built Timesheet for Quinn Fabray
2025-01-02 15:39:00,560 - INFO - Built Timesheet for Hannah Abbott
2025-01-02 15:39:00,562 - INFO - Built Timesheet for Karen Walker
2025-01-02 15:39:00,563 - INFO - Built Timesheet for Paul Atreides
2025-01-02 15:39:00,565 - INFO - Built Timesheet for Rachel Green
2025-01-02 15:39:00,567 - INFO - Built Timesheet for Tony Stark
2025-01-02 15:39:00,567 - INFO - Timesheets generated for the period 21-11-2024 to 21-12-2024
2025-01-02 15:39:01,750 - INFO - Opening admin tab
2025-01-02 15:47:21,556 - INFO - Logging initialized.
2025-01-02 15:47:21,556 - INFO - File found: /Users/andreiiacob/StaffClock/ProgramData/staff_hours.db
2025-01-02 15:47:21,556 - INFO - File found: /Users/andreiiacob/StaffClock/ProgramData/settings.json
2025-01-02 15:47:21,625 - INFO - UI setup complete.
2025-01-02 15:47:21,738 - INFO - Settings loaded: {'start_day': 1, 'end_day': 20, 'printer_IP': '10.60.1.146'}
2025-01-02 15:47:21,738 - INFO - Initializing TimesheetCheckerThread...
2025-01-02 15:47:21,777 - INFO - Timesheet generated for 2025-01-02
2025-01-02 15:47:21,777 - INFO - Start date for timesheet 21-11-2024, end date for timesheet 21-12-2024
2025-01-02 15:47:21,777 - INFO - Fetched records for time sheet
2025-01-02 15:47:21,780 - INFO - Built Timesheet for Bella Swan
2025-01-02 15:47:21,782 - INFO - Built Timesheet for Charlie Brown
2025-01-02 15:47:21,784 - INFO - Built Timesheet for Ethan Hunt
2025-01-02 15:47:21,786 - INFO - Built Timesheet for Fiona Gallagher
2025-01-02 15:47:21,788 - INFO - Built Timesheet for George Weasley
2025-01-02 15:47:21,790 - INFO - Built Timesheet for Steve Rogers
2025-01-02 15:47:21,792 - INFO - Built Timesheet for Bob Smith
2025-01-02 15:47:21,794 - INFO - Built Timesheet for Mia Wallace
2025-01-02 15:47:21,796 - INFO - Built Timesheet for William Turner
2025-01-02 15:47:21,798 - INFO - Built Timesheet for Xander Harris
2025-01-02 15:47:21,800 - INFO - Built Timesheet for Diana Prince
2025-01-02 15:47:21,801 - INFO - Built Timesheet for Isaac Newton
2025-01-02 15:47:21,803 - INFO - Built Timesheet for Jack Sparrow
2025-01-02 15:47:21,805 - INFO - Built Timesheet for Nathan Drake
2025-01-02 15:47:21,807 - INFO - Built Timesheet for Ursula Buffay
2025-01-02 15:47:21,809 - INFO - Built Timesheet for Victoria Beckham
2025-01-02 15:47:21,810 - INFO - Built Timesheet for Yvonne Strahovski
2025-01-02 15:47:21,812 - INFO - Built Timesheet for Derek Shepherd
2025-01-02 15:47:21,814 - INFO - Built Timesheet for Liam Hemsworth
2025-01-02 15:47:21,816 - INFO - Built Timesheet for Aaron Paul
2025-01-02 15:47:21,818 - INFO - Built Timesheet for Olivia Pope
2025-01-02 15:47:21,819 - INFO - Built Timesheet for Zara Larsson
2025-01-02 15:47:21,821 - INFO - Built Timesheet for Caleb Rivers
2025-01-02 15:47:21,823 - INFO - Built Timesheet for Quinn Fabray
2025-01-02 15:47:21,825 - INFO - Built Timesheet for Hannah Abbott
2025-01-02 15:47:21,826 - INFO - Built Timesheet for Karen Walker
2025-01-02 15:47:21,828 - INFO - Built Timesheet for Paul Atreides
2025-01-02 15:47:21,830 - INFO - Built Timesheet for Rachel Green
2025-01-02 15:47:21,832 - INFO - Built Timesheet for Tony Stark
2025-01-02 15:47:21,832 - INFO - Timesheets generated for the period 21-11-2024 to 21-12-2024
2025-01-02 15:47:23,216 - INFO - Opening admin tab
2025-01-02 15:47:26,552 - INFO - Built Timesheet for Andrei Iacob
2025-01-02 15:47:27,962 - INFO - Timesheet generated for Andrei Iacob.
2025-01-02 15:49:00,237 - INFO - Logging initialized.
2025-01-02 15:49:00,237 - INFO - File found: /Users/andreiiacob/StaffClock/ProgramData/staff_hours.db
2025-01-02 15:49:00,237 - INFO - File found: /Users/andreiiacob/StaffClock/ProgramData/settings.json
2025-01-02 15:49:00,330 - INFO - UI setup complete.
2025-01-02 15:49:00,439 - INFO - Settings loaded: {'start_day': 1, 'end_day': 20, 'printer_IP': '10.60.1.146'}
2025-01-02 15:49:00,439 - INFO - Initializing TimesheetCheckerThread...
2025-01-02 15:49:00,470 - INFO - Timesheet generated for 2025-01-02
2025-01-02 15:49:00,470 - INFO - Start date for timesheet 21-11-2024, end date for timesheet 21-12-2024
2025-01-02 15:49:00,470 - INFO - Fetched records for time sheet
2025-01-02 15:49:00,473 - INFO - Built Timesheet for Bella Swan
2025-01-02 15:49:00,475 - INFO - Built Timesheet for Charlie Brown
2025-01-02 15:49:00,477 - INFO - Built Timesheet for Ethan Hunt
2025-01-02 15:49:00,479 - INFO - Built Timesheet for Fiona Gallagher
2025-01-02 15:49:00,481 - INFO - Built Timesheet for George Weasley
2025-01-02 15:49:00,484 - INFO - Built Timesheet for Steve Rogers
2025-01-02 15:49:00,486 - INFO - Built Timesheet for Bob Smith
2025-01-02 15:49:00,487 - INFO - Built Timesheet for Mia Wallace
2025-01-02 15:49:00,490 - INFO - Built Timesheet for William Turner
2025-01-02 15:49:00,492 - INFO - Built Timesheet for Xander Harris
2025-01-02 15:49:00,493 - INFO - Built Timesheet for Diana Prince
2025-01-02 15:49:00,495 - INFO - Built Timesheet for Isaac Newton
2025-01-02 15:49:00,497 - INFO - Built Timesheet for Jack Sparrow
2025-01-02 15:49:00,499 - INFO - Built Timesheet for Nathan Drake
2025-01-02 15:49:00,501 - INFO - Built Timesheet for Ursula Buffay
2025-01-02 15:49:00,503 - INFO - Built Timesheet for Victoria Beckham
2025-01-02 15:49:00,505 - INFO - Built Timesheet for Yvonne Strahovski
2025-01-02 15:49:00,507 - INFO - Built Timesheet for Derek Shepherd
2025-01-02 15:49:00,509 - INFO - Built Timesheet for Liam Hemsworth
2025-01-02 15:49:00,511 - INFO - Built Timesheet for Aaron Paul
2025-01-02 15:49:00,513 - INFO - Built Timesheet for Olivia Pope
2025-01-02 15:49:00,516 - INFO - Built Timesheet for Zara Larsson
2025-01-02 15:49:00,518 - INFO - Built Timesheet for Caleb Rivers
2025-01-02 15:49:00,519 - INFO - Built Timesheet for Quinn Fabray
2025-01-02 15:49:00,521 - INFO - Built Timesheet for Hannah Abbott
2025-01-02 15:49:00,523 - INFO - Built Timesheet for Karen Walker
2025-01-02 15:49:00,525 - INFO - Built Timesheet for Paul Atreides
2025-01-02 15:49:00,527 - INFO - Built Timesheet for Rachel Green
2025-01-02 15:49:00,529 - INFO - Built Timesheet for Tony Stark
2025-01-02 15:49:00,529 - INFO - Timesheets generated for the period 21-11-2024 to 21-12-2024
2025-01-02 15:49:02,823 - INFO - Opening admin tab
2025-01-02 15:49:06,083 - INFO - Built Timesheet for Andrei Iacob
2025-01-02 15:49:07,507 - INFO - Timesheet generated for Andrei Iacob.
2025-01-02 15:53:15,748 - INFO - Logging initialized.
2025-01-02 15:53:15,748 - INFO - File found: /Users/andreiiacob/StaffClock/ProgramData/staff_hours.db
2025-01-02 15:53:15,748 - INFO - File found: /Users/andreiiacob/StaffClock/ProgramData/settings.json
2025-01-02 15:53:15,813 - INFO - UI setup complete.
2025-01-02 15:53:15,923 - INFO - Settings loaded: {'start_day': 1, 'end_day': 20, 'printer_IP': '10.60.1.146'}
2025-01-02 15:53:15,923 - INFO - Initializing TimesheetCheckerThread...
2025-01-02 15:53:15,953 - INFO - Timesheet generated for 2025-01-02
2025-01-02 15:53:15,953 - INFO - Start date for timesheet 21-11-2024, end date for timesheet 21-12-2024
2025-01-02 15:53:15,953 - INFO - Fetched records for time sheet
2025-01-02 15:53:15,956 - INFO - Built Timesheet for Bella Swan
2025-01-02 15:53:15,958 - INFO - Built Timesheet for Charlie Brown
2025-01-02 15:53:15,960 - INFO - Built Timesheet for Ethan Hunt
2025-01-02 15:53:15,962 - INFO - Built Timesheet for Fiona Gallagher
2025-01-02 15:53:15,965 - INFO - Built Timesheet for George Weasley
2025-01-02 15:53:15,967 - INFO - Built Timesheet for Steve Rogers
2025-01-02 15:53:15,969 - INFO - Built Timesheet for Bob Smith
2025-01-02 15:53:15,971 - INFO - Built Timesheet for Mia Wallace
2025-01-02 15:53:15,973 - INFO - Built Timesheet for William Turner
2025-01-02 15:53:15,975 - INFO - Built Timesheet for Xander Harris
2025-01-02 15:53:15,976 - INFO - Built Timesheet for Diana Prince
2025-01-02 15:53:15,978 - INFO - Built Timesheet for Isaac Newton
2025-01-02 15:53:15,980 - INFO - Built Timesheet for Jack Sparrow
2025-01-02 15:53:15,982 - INFO - Built Timesheet for Nathan Drake
2025-01-02 15:53:15,984 - INFO - Built Timesheet for Ursula Buffay
2025-01-02 15:53:15,986 - INFO - Built Timesheet for Victoria Beckham
2025-01-02 15:53:15,988 - INFO - Built Timesheet for Yvonne Strahovski
2025-01-02 15:53:15,990 - INFO - Built Timesheet for Derek Shepherd
2025-01-02 15:53:15,992 - INFO - Built Timesheet for Liam Hemsworth
2025-01-02 15:53:15,994 - INFO - Built Timesheet for Aaron Paul
2025-01-02 15:53:15,996 - INFO - Built Timesheet for Olivia Pope
2025-01-02 15:53:15,998 - INFO - Built Timesheet for Zara Larsson
2025-01-02 15:53:16,000 - INFO - Built Timesheet for Caleb Rivers
2025-01-02 15:53:16,001 - INFO - Built Timesheet for Quinn Fabray
2025-01-02 15:53:16,003 - INFO - Built Timesheet for Hannah Abbott
2025-01-02 15:53:16,005 - INFO - Built Timesheet for Karen Walker
2025-01-02 15:53:16,007 - INFO - Built Timesheet for Paul Atreides
2025-01-02 15:53:16,009 - INFO - Built Timesheet for Rachel Green
2025-01-02 15:53:16,011 - INFO - Built Timesheet for Tony Stark
2025-01-02 15:53:16,011 - INFO - Timesheets generated for the period 21-11-2024 to 21-12-2024
2025-01-02 15:53:17,602 - INFO - Opening admin tab
2025-01-02 15:54:38,073 - INFO - Logging initialized.
2025-01-02 15:54:38,073 - INFO - File found: /Users/andreiiacob/StaffClock/ProgramData/staff_hours.db
2025-01-02 15:54:38,073 - INFO - File found: /Users/andreiiacob/StaffClock/ProgramData/settings.json
2025-01-02 15:54:38,143 - INFO - UI setup complete.
2025-01-02 15:54:38,257 - INFO - Settings loaded: {'start_day': 1, 'end_day': 20, 'printer_IP': '10.60.1.146'}
2025-01-02 15:54:38,257 - INFO - Initializing TimesheetCheckerThread...
2025-01-02 15:54:38,292 - INFO - Timesheet generated for 2025-01-02
2025-01-02 15:54:38,292 - INFO - Start date for timesheet 21-11-2024, end date for timesheet 21-12-2024
2025-01-02 15:54:38,292 - INFO - Fetched records for time sheet
2025-01-02 15:54:38,295 - INFO - Built Timesheet for Bella Swan
2025-01-02 15:54:38,297 - INFO - Built Timesheet for Charlie Brown
2025-01-02 15:54:38,299 - INFO - Built Timesheet for Ethan Hunt
2025-01-02 15:54:38,301 - INFO - Built Timesheet for Fiona Gallagher
2025-01-02 15:54:38,303 - INFO - Built Timesheet for George Weasley
2025-01-02 15:54:38,305 - INFO - Built Timesheet for Steve Rogers
2025-01-02 15:54:38,307 - INFO - Built Timesheet for Bob Smith
2025-01-02 15:54:38,309 - INFO - Built Timesheet for Mia Wallace
2025-01-02 15:54:38,311 - INFO - Built Timesheet for William Turner
2025-01-02 15:54:38,313 - INFO - Built Timesheet for Xander Harris
2025-01-02 15:54:38,315 - INFO - Built Timesheet for Diana Prince
2025-01-02 15:54:38,317 - INFO - Built Timesheet for Isaac Newton
2025-01-02 15:54:38,318 - INFO - Built Timesheet for Jack Sparrow
2025-01-02 15:54:38,320 - INFO - Built Timesheet for Nathan Drake
2025-01-02 15:54:38,322 - INFO - Built Timesheet for Ursula Buffay
2025-01-02 15:54:38,324 - INFO - Built Timesheet for Victoria Beckham
2025-01-02 15:54:38,325 - INFO - Built Timesheet for Yvonne Strahovski
2025-01-02 15:54:38,327 - INFO - Built Timesheet for Derek Shepherd
2025-01-02 15:54:38,329 - INFO - Built Timesheet for Liam Hemsworth
2025-01-02 15:54:38,331 - INFO - Built Timesheet for Aaron Paul
2025-01-02 15:54:38,333 - INFO - Built Timesheet for Olivia Pope
2025-01-02 15:54:38,334 - INFO - Built Timesheet for Zara Larsson
2025-01-02 15:54:38,336 - INFO - Built Timesheet for Caleb Rivers
2025-01-02 15:54:38,338 - INFO - Built Timesheet for Quinn Fabray
2025-01-02 15:54:38,339 - INFO - Built Timesheet for Hannah Abbott
2025-01-02 15:54:38,341 - INFO - Built Timesheet for Karen Walker
2025-01-02 15:54:38,343 - INFO - Built Timesheet for Paul Atreides
2025-01-02 15:54:38,345 - INFO - Built Timesheet for Rachel Green
2025-01-02 15:54:38,347 - INFO - Built Timesheet for Tony Stark
2025-01-02 15:54:38,347 - INFO - Timesheets generated for the period 21-11-2024 to 21-12-2024
2025-01-02 15:54:40,483 - INFO - Opening admin tab
2025-01-02 15:54:43,454 - INFO - Built Timesheet for Andrei Iacob
2025-01-02 15:54:45,119 - INFO - Timesheet generated for Andrei Iacob.
